#
# There is insufficient memory for the Java Runtime Environment to continue.
# Native memory allocation (mmap) failed to map 42123264 bytes for committing reserved memory.
# Possible reasons:
#   The system is out of physical RAM or swap space
#   In 32 bit mode, the process size limit was hit
# Possible solutions:
#   Reduce memory load on the system
#   Increase physical memory or swap space
#   Check if swap backing store is full
#   Use 64 bit Java on a 64 bit OS
#   Decrease Java heap size (-Xmx/-Xms)
#   Decrease number of Java threads
#   Decrease Java thread stack sizes (-Xss)
#   Set larger code cache with -XX:ReservedCodeCacheSize=
# This output file may be truncated or incomplete.
#
#  Out of Memory Error (os_linux.cpp:2640), pid=7346, tid=0x00007fe4d0fff700
#
# JRE version: OpenJDK Runtime Environment (8.0_152) (build 1.8.0_152-release-1343-b16-5323222)
# Java VM: OpenJDK 64-Bit Server VM (25.152-b16-5323222 mixed mode linux-amd64 compressed oops)
# Failed to write core dump. Core dumps have been disabled. To enable core dumping, try "ulimit -c unlimited" before starting Java again
#

---------------  T H R E A D  ---------------

Current thread (0x00007fe4e006f800):  VMThread [stack: 0x00007fe4d0f00000,0x00007fe4d1000000] [id=7350]

Stack: [0x00007fe4d0f00000,0x00007fe4d1000000],  sp=0x00007fe4d0ffe5b0,  free space=1017k
Native frames: (J=compiled Java code, j=interpreted, Vv=VM code, C=native code)
V  [libjvm.so+0x9ffc88]  VMError::report_and_die()+0x148
V  [libjvm.so+0x4ce9aa]  report_vm_out_of_memory(char const*, int, unsigned long, VMErrorType, char const*)+0x8a
V  [libjvm.so+0x8673d8]  os::pd_commit_memory(char*, unsigned long, unsigned long, bool)+0xd8
V  [libjvm.so+0x86201f]  os::commit_memory(char*, unsigned long, unsigned long, bool)+0x1f
V  [libjvm.so+0x9fcb34]  VirtualSpace::expand_by(unsigned long, bool)+0x1b4
V  [libjvm.so+0x5b690e]  OneContigSpaceCardGeneration::grow_by(unsigned long)+0x1e
V  [libjvm.so+0x5b6c45]  OneContigSpaceCardGeneration::expand(unsigned long, unsigned long)+0x85
V  [libjvm.so+0x5a7f00]  GenCollectedHeap::do_collection(bool, bool, unsigned long, bool, int)+0x760
V  [libjvm.so+0x4621c2]  GenCollectorPolicy::satisfy_failed_allocation(unsigned long, bool)+0xb2
V  [libjvm.so+0xa00c61]  VM_GenCollectForAllocation::doit()+0x81
V  [libjvm.so+0xa05bf7]  VM_Operation::evaluate()+0x47
V  [libjvm.so+0xa04658]  VMThread::evaluate_operation(VM_Operation*)+0x2c8
V  [libjvm.so+0xa04ab1]  VMThread::loop()+0x1f1
V  [libjvm.so+0xa04ee2]  VMThread::run()+0x72
V  [libjvm.so+0x864822]  java_start(Thread*)+0xf2

VM_Operation (0x00007fe4af4f6820): GenCollectForAllocation, mode: safepoint, requested by thread 0x00007fe4b8005000


---------------  P R O C E S S  ---------------

Java Threads: ( => current thread )
  0x00007fe4b800a000 JavaThread "RMI RenewClean-[127.0.0.1:46323,org.jetbrains.kotlin.daemon.common.LoopbackNetworkInterface$ClientLoopbackSocketFactory@36e2ac41]" daemon [_thread_blocked, id=7384, stack(0x00007fe4adcb6000,0x00007fe4addb7000)]
  0x00007fe4b8005000 JavaThread "RMI TCP Connection(3)-127.0.0.1" daemon [_thread_blocked, id=7383, stack(0x00007fe4af3fb000,0x00007fe4af4fc000)]
  0x00007fe4b8003800 JavaThread "RMI TCP Connection(2)-127.0.0.1" daemon [_thread_in_native, id=7370, stack(0x00007fe4b0301000,0x00007fe4b0402000)]
  0x00007fe4c4017000 JavaThread "RMI Scheduler(0)" daemon [_thread_blocked, id=7364, stack(0x00007fe4b0402000,0x00007fe4b0503000)]
  0x00007fe4b8001800 JavaThread "RMI TCP Connection(1)-127.0.0.1" daemon [_thread_in_native, id=7363, stack(0x00007fe4b0503000,0x00007fe4b0604000)]
  0x00007fe4e000c000 JavaThread "DestroyJavaVM" [_thread_blocked, id=7349, stack(0x00007fe4e5481000,0x00007fe4e5581000)]
  0x00007fe4e02ed800 JavaThread "GC Daemon" daemon [_thread_blocked, id=7362, stack(0x00007fe4b0804000,0x00007fe4b0905000)]
  0x00007fe4e02e6800 JavaThread "RMI Reaper" [_thread_blocked, id=7361, stack(0x00007fe4b0905000,0x00007fe4b0a06000)]
  0x00007fe4e02da000 JavaThread "Timer-0" daemon [_thread_blocked, id=7359, stack(0x00007fe4b0b07000,0x00007fe4b0c08000)]
  0x00007fe4e02d4000 JavaThread "RMI TCP Accept-17736" daemon [_thread_in_native, id=7358, stack(0x00007fe4b0c08000,0x00007fe4b0d09000)]
  0x00007fe4e00d1000 JavaThread "Service Thread" daemon [_thread_blocked, id=7356, stack(0x00007fe4d0112000,0x00007fe4d0213000)]
  0x00007fe4e00b3800 JavaThread "C1 CompilerThread1" daemon [_thread_blocked, id=7355, stack(0x00007fe4d0214000,0x00007fe4d0314000)]
  0x00007fe4e00b1800 JavaThread "C2 CompilerThread0" daemon [_thread_blocked, id=7354, stack(0x00007fe4d0315000,0x00007fe4d0415000)]
  0x00007fe4e00ad800 JavaThread "Signal Dispatcher" daemon [_thread_blocked, id=7353, stack(0x00007fe4d0415000,0x00007fe4d0516000)]
  0x00007fe4e007c000 JavaThread "Finalizer" daemon [_thread_blocked, id=7352, stack(0x00007fe4d0cfd000,0x00007fe4d0dfe000)]
  0x00007fe4e0077800 JavaThread "Reference Handler" daemon [_thread_blocked, id=7351, stack(0x00007fe4d0dfe000,0x00007fe4d0eff000)]

Other Threads:
=>0x00007fe4e006f800 VMThread [stack: 0x00007fe4d0f00000,0x00007fe4d1000000] [id=7350]
  0x00007fe4e00d4000 WatcherThread [stack: 0x00007fe4d0012000,0x00007fe4d0112000] [id=7357]

VM state:at safepoint (normal execution)

VM Mutex/Monitor currently owned by a thread:  ([mutex/lock_event])
[0x00007fe4e0009240] Threads_lock - owner thread: 0x00007fe4e006f800
[0x00007fe4e0009740] Heap_lock - owner thread: 0x00007fe4b8005000

Heap:
 def new generation   total 23360K, used 1423K [0x00000000a0000000, 0x00000000a1950000, 0x00000000c0000000)
  eden space 20800K,   6% used [0x00000000a0000000, 0x00000000a0163d60, 0x00000000a1450000)
  from space 2560K,   0% used [0x00000000a16d0000, 0x00000000a16d0000, 0x00000000a1950000)
  to   space 2560K,   0% used [0x00000000a1450000, 0x00000000a1450000, 0x00000000a16d0000)
 tenured generation   total 61704K, used 61703K [0x00000000c0000000, 0x00000000c3c42000, 0x0000000100000000)
   the space 61704K,  99% used [0x00000000c0000000, 0x00000000c3c41f08, 0x00000000c3c42000, 0x00000000c3c42000)
 Metaspace       used 55711K, capacity 56653K, committed 57256K, reserved 1099776K
  class space    used 6720K, capacity 6978K, committed 7080K, reserved 1048576K

Card table byte_map: [0x00007fe4e4d40000,0x00007fe4e5041000] byte_map_base: 0x00007fe4e4840000

Polling page: 0x00007fe4e662d000

CodeCache: size=245760Kb used=17544Kb max_used=17578Kb free=228215Kb
 bounds [0x00007fe4d1000000, 0x00007fe4d2140000, 0x00007fe4e0000000]
 total_blobs=6529 nmethods=5995 adapters=447
 compilation: enabled

Compilation events (10 events):
Event: 31,151 Thread 0x00007fe4e00b3800 6847       2       com.sun.org.apache.xerces.internal.util.XMLAttributesImpl::refresh (30 bytes)
Event: 31,152 Thread 0x00007fe4e00b3800 nmethod 6847 0x00007fe4d2123c90 code [0x00007fe4d2123e00, 0x00007fe4d2123fe0]
Event: 31,190 Thread 0x00007fe4e00b3800 6849       2       com.sun.org.apache.xerces.internal.impl.XMLDocumentFragmentScannerImpl::refresh (48 bytes)
Event: 31,192 Thread 0x00007fe4e00b3800 nmethod 6849 0x00007fe4d21240d0 code [0x00007fe4d2124260, 0x00007fe4d21244d0]
Event: 31,214 Thread 0x00007fe4e00b3800 6850 %     3       com.sun.org.apache.xerces.internal.impl.XMLEntityScanner::skipString @ 40 (122 bytes)
Event: 31,215 Thread 0x00007fe4e00b3800 nmethod 6850% 0x00007fe4d212ce90 code [0x00007fe4d212d060, 0x00007fe4d212d800]
Event: 31,215 Thread 0x00007fe4e00b3800 6851       3       com.sun.org.apache.xerces.internal.impl.XMLEntityScanner::skipString (122 bytes)
Event: 31,215 Thread 0x00007fe4e00b3800 nmethod 6851 0x00007fe4d212dc90 code [0x00007fe4d212de60, 0x00007fe4d212e540]
Event: 31,226 Thread 0x00007fe4e00b1800 nmethod 6201% 0x00007fe4d212e950 code [0x00007fe4d212f5a0, 0x00007fe4d2136658]
Event: 31,226 Thread 0x00007fe4e00b1800 6822 %     4       com.sun.org.apache.xerces.internal.impl.io.UTF8Reader::read @ 113 (1443 bytes)

GC Heap History (10 events):
Event: 26,873 GC heap after
Heap after GC invocations=25 (full 4):
 def new generation   total 19008K, used 2047K [0x00000000a0000000, 0x00000000a1490000, 0x00000000c0000000)
  eden space 16960K,   0% used [0x00000000a0000000, 0x00000000a0000000, 0x00000000a1090000)
  from space 2048K,  99% used [0x00000000a1290000, 0x00000000a148fff8, 0x00000000a1490000)
  to   space 2048K,   0% used [0x00000000a1090000, 0x00000000a1090000, 0x00000000a1290000)
 tenured generation   total 42008K, used 33693K [0x00000000c0000000, 0x00000000c2906000, 0x0000000100000000)
   the space 42008K,  80% used [0x00000000c0000000, 0x00000000c20e74b8, 0x00000000c20e7600, 0x00000000c2906000)
 Metaspace       used 52393K, capacity 53253K, committed 53800K, reserved 1095680K
  class space    used 6434K, capacity 6678K, committed 6696K, reserved 1048576K
}
Event: 27,838 GC heap before
{Heap before GC invocations=25 (full 4):
 def new generation   total 19008K, used 18973K [0x00000000a0000000, 0x00000000a1490000, 0x00000000c0000000)
  eden space 16960K,  99% used [0x00000000a0000000, 0x00000000a1087780, 0x00000000a1090000)
  from space 2048K,  99% used [0x00000000a1290000, 0x00000000a148fff8, 0x00000000a1490000)
  to   space 2048K,   0% used [0x00000000a1090000, 0x00000000a1090000, 0x00000000a1290000)
 tenured generation   total 42008K, used 33693K [0x00000000c0000000, 0x00000000c2906000, 0x0000000100000000)
   the space 42008K,  80% used [0x00000000c0000000, 0x00000000c20e74b8, 0x00000000c20e7600, 0x00000000c2906000)
 Metaspace       used 53186K, capacity 54005K, committed 54440K, reserved 1097728K
  class space    used 6492K, capacity 6714K, committed 6824K, reserved 1048576K
Event: 27,879 GC heap after
Heap after GC invocations=26 (full 4):
 def new generation   total 19008K, used 2047K [0x00000000a0000000, 0x00000000a1490000, 0x00000000c0000000)
  eden space 16960K,   0% used [0x00000000a0000000, 0x00000000a0000000, 0x00000000a1090000)
  from space 2048K,  99% used [0x00000000a1090000, 0x00000000a128fff8, 0x00000000a1290000)
  to   space 2048K,   0% used [0x00000000a1290000, 0x00000000a1290000, 0x00000000a1490000)
 tenured generation   total 42008K, used 40419K [0x00000000c0000000, 0x00000000c2906000, 0x0000000100000000)
   the space 42008K,  96% used [0x00000000c0000000, 0x00000000c2778e30, 0x00000000c2779000, 0x00000000c2906000)
 Metaspace       used 53186K, capacity 54005K, committed 54440K, reserved 1097728K
  class space    used 6492K, capacity 6714K, committed 6824K, reserved 1048576K
}
Event: 28,245 GC heap before
{Heap before GC invocations=26 (full 4):
 def new generation   total 19008K, used 19007K [0x00000000a0000000, 0x00000000a1490000, 0x00000000c0000000)
  eden space 16960K, 100% used [0x00000000a0000000, 0x00000000a1090000, 0x00000000a1090000)
  from space 2048K,  99% used [0x00000000a1090000, 0x00000000a128fff8, 0x00000000a1290000)
  to   space 2048K,   0% used [0x00000000a1290000, 0x00000000a1290000, 0x00000000a1490000)
 tenured generation   total 42008K, used 40419K [0x00000000c0000000, 0x00000000c2906000, 0x0000000100000000)
   the space 42008K,  96% used [0x00000000c0000000, 0x00000000c2778e30, 0x00000000c2779000, 0x00000000c2906000)
 Metaspace       used 53187K, capacity 54005K, committed 54440K, reserved 1097728K
  class space    used 6492K, capacity 6714K, committed 6824K, reserved 1048576K
Event: 28,595 GC heap after
Heap after GC invocations=27 (full 5):
 def new generation   total 23360K, used 0K [0x00000000a0000000, 0x00000000a1950000, 0x00000000c0000000)
  eden space 20800K,   0% used [0x00000000a0000000, 0x00000000a0000000, 0x00000000a1450000)
  from space 2560K,   0% used [0x00000000a1450000, 0x00000000a1450000, 0x00000000a16d0000)
  to   space 2560K,   0% used [0x00000000a16d0000, 0x00000000a16d0000, 0x00000000a1950000)
 tenured generation   total 51720K, used 31031K [0x00000000c0000000, 0x00000000c3282000, 0x0000000100000000)
   the space 51720K,  59% used [0x00000000c0000000, 0x00000000c1e4df90, 0x00000000c1e4e000, 0x00000000c3282000)
 Metaspace       used 53187K, capacity 54005K, committed 54440K, reserved 1097728K
  class space    used 6492K, capacity 6714K, committed 6824K, reserved 1048576K
}
Event: 29,272 GC heap before
{Heap before GC invocations=27 (full 5):
 def new generation   total 23360K, used 20800K [0x00000000a0000000, 0x00000000a1950000, 0x00000000c0000000)
  eden space 20800K, 100% used [0x00000000a0000000, 0x00000000a1450000, 0x00000000a1450000)
  from space 2560K,   0% used [0x00000000a1450000, 0x00000000a1450000, 0x00000000a16d0000)
  to   space 2560K,   0% used [0x00000000a16d0000, 0x00000000a16d0000, 0x00000000a1950000)
 tenured generation   total 51720K, used 31031K [0x00000000c0000000, 0x00000000c3282000, 0x0000000100000000)
   the space 51720K,  59% used [0x00000000c0000000, 0x00000000c1e4df90, 0x00000000c1e4e000, 0x00000000c3282000)
 Metaspace       used 53596K, capacity 54485K, committed 54952K, reserved 1097728K
  class space    used 6516K, capacity 6746K, committed 6824K, reserved 1048576K
Event: 29,365 GC heap after
Heap after GC invocations=28 (full 5):
 def new generation   total 23360K, used 2560K [0x00000000a0000000, 0x00000000a1950000, 0x00000000c0000000)
  eden space 20800K,   0% used [0x00000000a0000000, 0x00000000a0000000, 0x00000000a1450000)
  from space 2560K, 100% used [0x00000000a16d0000, 0x00000000a1950000, 0x00000000a1950000)
  to   space 2560K,   0% used [0x00000000a1450000, 0x00000000a1450000, 0x00000000a16d0000)
 tenured generation   total 51720K, used 35792K [0x00000000c0000000, 0x00000000c3282000, 0x0000000100000000)
   the space 51720K,  69% used [0x00000000c0000000, 0x00000000c22f43f8, 0x00000000c22f4400, 0x00000000c3282000)
 Metaspace       used 53596K, capacity 54485K, committed 54952K, reserved 1097728K
  class space    used 6516K, capacity 6746K, committed 6824K, reserved 1048576K
}
Event: 30,114 GC heap before
{Heap before GC invocations=28 (full 5):
 def new generation   total 23360K, used 23360K [0x00000000a0000000, 0x00000000a1950000, 0x00000000c0000000)
  eden space 20800K, 100% used [0x00000000a0000000, 0x00000000a1450000, 0x00000000a1450000)
  from space 2560K, 100% used [0x00000000a16d0000, 0x00000000a1950000, 0x00000000a1950000)
  to   space 2560K,   0% used [0x00000000a1450000, 0x00000000a1450000, 0x00000000a16d0000)
 tenured generation   total 51720K, used 35792K [0x00000000c0000000, 0x00000000c3282000, 0x0000000100000000)
   the space 51720K,  69% used [0x00000000c0000000, 0x00000000c22f43f8, 0x00000000c22f4400, 0x00000000c3282000)
 Metaspace       used 54751K, capacity 55649K, committed 56104K, reserved 1097728K
  class space    used 6631K, capacity 6880K, committed 6952K, reserved 1048576K
Event: 30,169 GC heap after
Heap after GC invocations=29 (full 5):
 def new generation   total 23360K, used 2560K [0x00000000a0000000, 0x00000000a1950000, 0x00000000c0000000)
  eden space 20800K,   0% used [0x00000000a0000000, 0x00000000a0000000, 0x00000000a1450000)
  from space 2560K, 100% used [0x00000000a1450000, 0x00000000a16d0000, 0x00000000a16d0000)
  to   space 2560K,   0% used [0x00000000a16d0000, 0x00000000a16d0000, 0x00000000a1950000)
 tenured generation   total 51720K, used 43771K [0x00000000c0000000, 0x00000000c3282000, 0x0000000100000000)
   the space 51720K,  84% used [0x00000000c0000000, 0x00000000c2abecd0, 0x00000000c2abee00, 0x00000000c3282000)
 Metaspace       used 54751K, capacity 55649K, committed 56104K, reserved 1097728K
  class space    used 6631K, capacity 6880K, committed 6952K, reserved 1048576K
}
Event: 31,240 GC heap before
{Heap before GC invocations=29 (full 5):
 def new generation   total 23360K, used 23360K [0x00000000a0000000, 0x00000000a1950000, 0x00000000c0000000)
  eden space 20800K, 100% used [0x00000000a0000000, 0x00000000a1450000, 0x00000000a1450000)
  from space 2560K, 100% used [0x00000000a1450000, 0x00000000a16d0000, 0x00000000a16d0000)
  to   space 2560K,   0% used [0x00000000a16d0000, 0x00000000a16d0000, 0x00000000a1950000)
 tenured generation   total 51720K, used 43771K [0x00000000c0000000, 0x00000000c3282000, 0x0000000100000000)
   the space 51720K,  84% used [0x00000000c0000000, 0x00000000c2abecd0, 0x00000000c2abee00, 0x00000000c3282000)
 Metaspace       used 55711K, capacity 56653K, committed 57256K, reserved 1099776K
  class space    used 6720K, capacity 6978K, committed 7080K, reserved 1048576K

Deoptimization events (10 events):
Event: 27,079 Thread 0x00007fe4b8005000 Uncommon trap: reason=class_check action=maybe_recompile pc=0x00007fe4d14eff18 method=java.lang.ClassLoader.loadClass(Ljava/lang/String;Z)Ljava/lang/Class; @ 38
Event: 27,084 Thread 0x00007fe4b8005000 Uncommon trap: reason=class_check action=maybe_recompile pc=0x00007fe4d14eff18 method=java.lang.ClassLoader.loadClass(Ljava/lang/String;Z)Ljava/lang/Class; @ 38
Event: 27,084 Thread 0x00007fe4b8005000 Uncommon trap: reason=class_check action=maybe_recompile pc=0x00007fe4d14eff18 method=java.lang.ClassLoader.loadClass(Ljava/lang/String;Z)Ljava/lang/Class; @ 38
Event: 27,254 Thread 0x00007fe4b8005000 Uncommon trap: reason=unstable_if action=reinterpret pc=0x00007fe4d17f71b0 method=java.util.regex.Pattern$BmpCharProperty.match(Ljava/util/regex/Matcher;ILjava/lang/CharSequence;)Z @ 5
Event: 27,395 Thread 0x00007fe4b8005000 Uncommon trap: reason=unstable_if action=reinterpret pc=0x00007fe4d1f07350 method=com.sun.tools.javac.parser.UnicodeReader.scanChar()V @ 37
Event: 27,395 Thread 0x00007fe4b8005000 Uncommon trap: reason=unstable_if action=reinterpret pc=0x00007fe4d1bf5e20 method=com.sun.tools.javac.parser.UnicodeReader.scanChar()V @ 37
Event: 27,398 Thread 0x00007fe4b8005000 Uncommon trap: reason=unstable_if action=reinterpret pc=0x00007fe4d13a1ccc method=com.sun.tools.javac.parser.UnicodeReader.scanChar()V @ 37
Event: 27,893 Thread 0x00007fe4b8005000 Uncommon trap: reason=unstable_if action=reinterpret pc=0x00007fe4d191986c method=com.sun.tools.javac.util.Name$Table.equals([BI[BII)Z @ 22
Event: 30,295 Thread 0x00007fe4b8005000 Uncommon trap: reason=unstable_if action=reinterpret pc=0x00007fe4d1664e40 method=java.util.concurrent.ConcurrentHashMap.get(Ljava/lang/Object;)Ljava/lang/Object; @ 76
Event: 30,296 Thread 0x00007fe4b8005000 Uncommon trap: reason=class_check action=maybe_recompile pc=0x00007fe4d13b6cb8 method=java.util.concurrent.ConcurrentHashMap.putVal(Ljava/lang/Object;Ljava/lang/Object;Z)Ljava/lang/Object; @ 192

Classes redefined (0 events):
No events

Internal exceptions (10 events):
Event: 26,036 Thread 0x00007fe4b8003800 Exception <a 'sun/nio/fs/UnixException'> (0x00000000a00f31e0) thrown at [/buildbot/src/googleplex-android/openjdk/out/hotspot/src/share/vm/prims/jni.cpp, line 709]
Event: 26,037 Thread 0x00007fe4b8003800 Exception <a 'sun/nio/fs/UnixException'> (0x00000000a00f87c0) thrown at [/buildbot/src/googleplex-android/openjdk/out/hotspot/src/share/vm/prims/jni.cpp, line 709]
Event: 26,037 Thread 0x00007fe4b8003800 Exception <a 'java/io/FileNotFoundException'> (0x00000000a00fa310) thrown at [/buildbot/src/googleplex-android/openjdk/out/hotspot/src/share/vm/prims/jni.cpp, line 709]
Event: 26,038 Thread 0x00007fe4b8003800 Exception <a 'java/io/FileNotFoundException'> (0x00000000a00fbdd8) thrown at [/buildbot/src/googleplex-android/openjdk/out/hotspot/src/share/vm/prims/jni.cpp, line 709]
Event: 26,040 Thread 0x00007fe4b8003800 Exception <a 'java/io/FileNotFoundException'> (0x00000000a010ce90) thrown at [/buildbot/src/googleplex-android/openjdk/out/hotspot/src/share/vm/prims/jni.cpp, line 709]
Event: 26,040 Thread 0x00007fe4b8003800 Exception <a 'sun/nio/fs/UnixException'> (0x00000000a010e5b0) thrown at [/buildbot/src/googleplex-android/openjdk/out/hotspot/src/share/vm/prims/jni.cpp, line 709]
Event: 26,041 Thread 0x00007fe4b8003800 Exception <a 'sun/nio/fs/UnixException'> (0x00000000a01138d8) thrown at [/buildbot/src/googleplex-android/openjdk/out/hotspot/src/share/vm/prims/jni.cpp, line 709]
Event: 26,041 Thread 0x00007fe4b8003800 Exception <a 'java/io/FileNotFoundException'> (0x00000000a0115318) thrown at [/buildbot/src/googleplex-android/openjdk/out/hotspot/src/share/vm/prims/jni.cpp, line 709]
Event: 26,046 Thread 0x00007fe4b8003800 Exception <a 'java/io/FileNotFoundException'> (0x00000000a0116bd0) thrown at [/buildbot/src/googleplex-android/openjdk/out/hotspot/src/share/vm/prims/jni.cpp, line 709]
Event: 26,627 Thread 0x00007fe4b800a000 Exception <a 'java/lang/InterruptedException'> (0x00000000a0400558) thrown at [/buildbot/src/googleplex-android/openjdk/out/hotspot/src/share/vm/runtime/objectMonitor.cpp, line 1684]

Events (10 events):
Event: 30,456 loading class com/sun/org/apache/xerces/internal/dom/ElementImpl done
Event: 30,456 loading class com/sun/org/apache/xerces/internal/dom/NodeListCache
Event: 30,456 loading class com/sun/org/apache/xerces/internal/dom/NodeListCache done
Event: 30,457 loading class com/sun/org/apache/xerces/internal/dom/DeferredDocumentImpl$RefCount
Event: 30,457 loading class com/sun/org/apache/xerces/internal/dom/DeferredDocumentImpl$RefCount done
Event: 31,073 Thread 0x00007fe4b8005000 DEOPT PACKING pc=0x00007fe4d189226e sp=0x00007fe4af4f69b0
Event: 31,073 Thread 0x00007fe4b8005000 DEOPT UNPACKING pc=0x00007fe4d10474c4 sp=0x00007fe4af4f66e0 mode 0
Event: 31,215 Thread 0x00007fe4b8005000 DEOPT PACKING pc=0x00007fe4d20fba89 sp=0x00007fe4af4f6bb0
Event: 31,215 Thread 0x00007fe4b8005000 DEOPT UNPACKING pc=0x00007fe4d10474c4 sp=0x00007fe4af4f6910 mode 0
Event: 31,239 Executing VM operation: GenCollectForAllocation


Dynamic libraries:
00400000-00401000 r-xp 00000000 fd:00 1312702                            /home/ethan/.local/share/JetBrains/Toolbox/apps/AndroidStudio/ch-0/183.5522156/jre/jre/bin/java
00401000-00402000 rw-p 00000000 fd:00 1312702                            /home/ethan/.local/share/JetBrains/Toolbox/apps/AndroidStudio/ch-0/183.5522156/jre/jre/bin/java
00d00000-00d21000 rw-p 00000000 00:00 0                                  [heap]
a0000000-a1950000 rw-p 00000000 00:00 0 
a1950000-c0000000 ---p 00000000 00:00 0 
c0000000-c3c42000 rw-p 00000000 00:00 0 
c646e000-100000000 ---p 00000000 00:00 0 
100000000-1006ea000 rw-p 00000000 00:00 0 
1006ea000-140000000 ---p 00000000 00:00 0 
7fe4ad6db000-7fe4ad7db000 rw-p 00000000 00:00 0 
7fe4ad7db000-7fe4ad8db000 ---p 00000000 00:00 0 
7fe4ad8db000-7fe4adadb000 rw-p 00000000 00:00 0 
7fe4adadb000-7fe4adadd000 r--s 0000e000 fd:00 820500                     /home/ethan/.gradle/caches/transforms-2/files-2.1/3534d45c760f2cff607b5e17600fda6e/jars/classes.jar
7fe4adadd000-7fe4adade000 r--s 00001000 fd:00 820479                     /home/ethan/.gradle/caches/transforms-2/files-2.1/a4413522f36ce7aae71f3a23ea0bde06/jars/classes.jar
7fe4adade000-7fe4adadf000 r--s 00003000 fd:00 2369074                    /home/ethan/.gradle/caches/transforms-2/files-2.1/82eb324b5aac573ffd993860d3f3868a/jars/classes.jar
7fe4adadf000-7fe4adae0000 r--s 00001000 fd:00 820464                     /home/ethan/.gradle/caches/transforms-2/files-2.1/27b232300ab02ce9f4896b294795ad5b/jars/classes.jar
7fe4adae0000-7fe4adae1000 r--s 00002000 fd:00 820454                     /home/ethan/.gradle/caches/transforms-2/files-2.1/ee778eaca1c61e390039289e51706f0b/jars/classes.jar
7fe4adae1000-7fe4adae2000 r--s 00002000 fd:00 820444                     /home/ethan/.gradle/caches/transforms-2/files-2.1/c43eb75e653d69997f69f79a1feefa9d/jars/classes.jar
7fe4adae2000-7fe4adae3000 r--s 00001000 fd:00 820434                     /home/ethan/.gradle/caches/transforms-2/files-2.1/5f6098ee83ac4ca42943d7f475df7194/jars/classes.jar
7fe4adae3000-7fe4adae4000 r--s 00001000 fd:00 820424                     /home/ethan/.gradle/caches/transforms-2/files-2.1/413875379245c40d46c6448b818cf4f4/jars/classes.jar
7fe4adae4000-7fe4adae6000 r--s 00004000 fd:00 2497453                    /home/ethan/.gradle/caches/transforms-2/files-2.1/b848ff096e26eca3269836a8a1ea274f/jars/classes.jar
7fe4adae6000-7fe4adae7000 r--s 00006000 fd:00 1586525                    /home/ethan/.gradle/caches/transforms-2/files-2.1/acfe668163875b07a9bdb68158f3ee0a/jars/classes.jar
7fe4adae7000-7fe4adae9000 r--s 00001000 fd:00 820402                     /home/ethan/.gradle/caches/transforms-2/files-2.1/133ebd22a852e317712a2e795d9f2222/jars/classes.jar
7fe4adae9000-7fe4adaea000 r--s 00002000 fd:00 820392                     /home/ethan/.gradle/caches/transforms-2/files-2.1/d64bd609b87cc31a2b902ac1d59cc470/jars/classes.jar
7fe4adaea000-7fe4adaeb000 r--s 00002000 fd:00 1586511                    /home/ethan/.gradle/caches/transforms-2/files-2.1/f6421e4d361b09e6ae4a79666d36d3bb/jars/classes.jar
7fe4adaeb000-7fe4adaf7000 r--s 0008d000 fd:00 820192                     /home/ethan/.gradle/caches/transforms-2/files-2.1/10f91dbeb91f4bac7a9c8a25c35e7549/jars/classes.jar
7fe4adaf7000-7fe4adaf9000 r--s 00007000 fd:00 820382                     /home/ethan/.gradle/caches/transforms-2/files-2.1/c9a8f5a0d8d2619f5530ec0d00c8c2ec/jars/classes.jar
7fe4adaf9000-7fe4adafb000 r--s 00007000 fd:00 820372                     /home/ethan/.gradle/caches/transforms-2/files-2.1/0365dfadbd5e871f71c0b7fcde1fd6ed/jars/classes.jar
7fe4adafb000-7fe4adafc000 r--s 00001000 fd:00 820362                     /home/ethan/.gradle/caches/transforms-2/files-2.1/3bb6a57f4fe15f92caf4e62786df4e3c/jars/classes.jar
7fe4adafc000-7fe4adafe000 r--s 00007000 fd:00 820352                     /home/ethan/.gradle/caches/transforms-2/files-2.1/c8c351a4f82b1f99453e568dcf46f3a2/jars/classes.jar
7fe4adafe000-7fe4adb00000 r--s 00007000 fd:00 820341                     /home/ethan/.gradle/caches/transforms-2/files-2.1/5d6e6da6fbc701aaab1a112bfe4deb76/jars/classes.jar
7fe4adb00000-7fe4adb01000 r--s 00005000 fd:00 1586523                    /home/ethan/.gradle/caches/transforms-2/files-2.1/1f54cf50d1c5b1514643dad40e84684e/jars/classes.jar
7fe4adb01000-7fe4adb02000 r--s 00007000 fd:00 820325                     /home/ethan/.gradle/caches/transforms-2/files-2.1/aabb49b5ac5f06bc35a0dc287918bd3d/jars/classes.jar
7fe4adb02000-7fe4adb04000 r--s 00009000 fd:00 820311                     /home/ethan/.gradle/caches/transforms-2/files-2.1/e7331c197942f4c0d8e0dba0f6154e9d/jars/classes.jar
7fe4adb04000-7fe4adb06000 r--s 0000c000 fd:00 820298                     /home/ethan/.gradle/caches/transforms-2/files-2.1/a3131186da0f07ceeae60b25b3fe3af8/jars/classes.jar
7fe4adb06000-7fe4adb0a000 r--s 00029000 fd:00 820285                     /home/ethan/.gradle/caches/transforms-2/files-2.1/e47462716609038dc7d49576c03bb244/jars/classes.jar
7fe4adb0a000-7fe4adb0c000 r--s 00007000 fd:00 1586520                    /home/ethan/.gradle/caches/transforms-2/files-2.1/ceb2459d5259d83eda694f08862df091/jars/classes.jar
7fe4adb0c000-7fe4adb12000 r--s 00057000 fd:00 820254                     /home/ethan/.gradle/caches/transforms-2/files-2.1/c422e96b4c12779cff58a07897281340/jars/classes.jar
7fe4adb12000-7fe4adb15000 r--s 00026000 fd:00 820238                     /home/ethan/.gradle/caches/transforms-2/files-2.1/b20fdd51828fce8204c2a14c75b50f6e/jars/classes.jar
7fe4adb15000-7fe4adb20000 r--s 000a6000 fd:00 820201                     /home/ethan/.gradle/caches/transforms-2/files-2.1/91cef4e15392ed33533939aee9f11bcf/jars/classes.jar
7fe4adb20000-7fe4adb2a000 r--s 00077000 fd:00 820094                     /home/ethan/.gradle/caches/transforms-2/files-2.1/af5ac584330f0cbd0cae6902bc4c5680/jars/classes.jar
7fe4adb2a000-7fe4adb2c000 r--s 0000f000 fd:00 820074                     /home/ethan/.gradle/caches/transforms-2/files-2.1/250e853826083d036c77eced5a280ed1/jars/classes.jar
7fe4adb2c000-7fe4adb2f000 r--s 00011000 fd:00 820055                     /home/ethan/.gradle/caches/transforms-2/files-2.1/6f7220a0185da9cb355e2298349de2ae/jars/classes.jar
7fe4adb2f000-7fe4adb37000 r--s 00020000 fd:00 706562                     /home/ethan/.gradle/caches/modules-2/files-2.1/org.jetbrains.kotlin/kotlin-stdlib-common/1.3.31/20c34a04ea25cb1ef0139598bd67c764562cb170/kotlin-stdlib-common-1.3.31.jar
7fe4adb37000-7fe4adb39000 r--s 00001000 fd:00 706558                     /home/ethan/.gradle/caches/modules-2/files-2.1/com.google.j2objc/j2objc-annotations/1.1/ed28ded51a8b1c6b112568def5f4b455e6809019/j2objc-annotations-1.1.jar
7fe4adb39000-7fe4adb4c000 r--s 00126000 fd:00 706549                     /home/ethan/.gradle/caches/modules-2/files-2.1/org.jetbrains.kotlin/kotlin-stdlib/1.3.31/11289d20fd95ae219333f3456072be9f081c30cc/kotlin-stdlib-1.3.31.jar
7fe4adb4c000-7fe4adb7e000 r--s 0026c000 fd:00 706536                     /home/ethan/.gradle/caches/modules-2/files-2.1/com.google.guava/guava/26.0-jre/6a806eff209f36f635f943e16d97491f00f6bfab/guava-26.0-jre.jar
7fe4adb7e000-7fe4adb95000 r--s 00154000 fd:00 706544                     /home/ethan/.gradle/caches/modules-2/files-2.1/org.antlr/antlr4/4.5.3/f35db7e4b2446e4174ba6a73db7bd6b3e6bb5da1/antlr4-4.5.3.jar
7fe4adb95000-7fe4adcb6000 r--s 02b7d000 fd:00 710919                     /home/ethan/Android/Sdk/platforms/android-28/android.jar
7fe4adcb6000-7fe4adcb9000 ---p 00000000 00:00 0 
7fe4adcb9000-7fe4adfb7000 rw-p 00000000 00:00 0 
7fe4adfb7000-7fe4ae1b7000 rw-p 00000000 00:00 0 
7fe4ae1b7000-7fe4ae3b7000 rw-p 00000000 00:00 0 
7fe4ae3b7000-7fe4ae3b8000 r--s 00000000 fd:00 2497448                    /home/ethan/.gradle/caches/transforms-2/files-2.1/7d0b3c74ac67533aae13f750411d1296/jars/classes.jar
7fe4ae3b8000-7fe4ae5b8000 rw-p 00000000 00:00 0 
7fe4ae5b8000-7fe4ae5b9000 r--s 00002000 fd:00 2369068                    /home/ethan/.gradle/caches/transforms-2/files-2.1/d57fb03b70fd1182f217bf679d2fcaeb/jars/classes.jar
7fe4ae5b9000-7fe4ae7b9000 rw-p 00000000 00:00 0 
7fe4ae7b9000-7fe4ae7ba000 r--s 00000000 fd:00 706559                     /home/ethan/.gradle/caches/modules-2/files-2.1/org.codehaus.mojo/animal-sniffer-annotations/1.14/775b7e22fb10026eed3f86e8dc556dfafe35f2d5/animal-sniffer-annotations-1.14.jar
7fe4ae7ba000-7fe4ae7bc000 r--s 00002000 fd:00 709970                     /home/ethan/.gradle/caches/modules-2/files-2.1/com.google.errorprone/error_prone_annotations/2.1.3/39b109f2cd352b2d71b52a3b5a1a9850e1dc304b/error_prone_annotations-2.1.3.jar
7fe4ae7bc000-7fe4ae7c6000 r--s 00026000 fd:00 706557                     /home/ethan/.gradle/caches/modules-2/files-2.1/org.checkerframework/checker-qual/2.5.2/cea74543d5904a30861a61b4643a5f2bb372efc4/checker-qual-2.5.2.jar
7fe4ae7c6000-7fe4ae7c8000 r--s 00003000 fd:00 706556                     /home/ethan/.gradle/caches/modules-2/files-2.1/com.google.code.findbugs/jsr305/3.0.2/25ea2e8b0c338a877313bd4672d3fe056ea78f0d/jsr305-3.0.2.jar
7fe4ae7c8000-7fe4ae7c9000 r--s 00000000 fd:00 706548                     /home/ethan/.gradle/caches/modules-2/files-2.1/org.jetbrains.kotlin/kotlin-stdlib-jdk7/1.3.31/e652770b6416c6d85934086899ffed3eccd35813/kotlin-stdlib-jdk7-1.3.31.jar
7fe4ae7c9000-7fe4ae9c9000 rw-p 00000000 00:00 0 
7fe4ae9c9000-7fe4aebc9000 rw-p 00000000 00:00 0 
7fe4aebc9000-7fe4aebcb000 r--s 00001000 fd:00 706534                     /home/ethan/.gradle/caches/modules-2/files-2.1/com.android.tools/annotations/26.4.1/68e90a2f48445f4f2003640c539e0cbe02fdcb5a/annotations-26.4.1.jar
7fe4aebcb000-7fe4aebd0000 r--s 00034000 fd:00 706537                     /home/ethan/.gradle/caches/modules-2/files-2.1/com.google.code.gson/gson/2.8.0/c4ba5371a29ac9b2ad6129b1d39ea38750043eff/gson-2.8.0.jar
7fe4aebd0000-7fe4aebd2000 r--s 0001d000 fd:00 706520                     /home/ethan/.gradle/caches/modules-2/files-2.1/com.android.tools.build.jetifier/jetifier-core/1.0.0-beta04/92ae18564fc833685f30f5a20297dd32349a9f6e/jetifier-core-1.0.0-beta04.jar
7fe4aebd2000-7fe4aebd4000 r--s 00015000 fd:00 706547                     /home/ethan/.gradle/caches/modules-2/files-2.1/com.squareup/javapoet/1.8.0/e858dc62ef484048540d27d36f3ec2177a3fa9b1/javapoet-1.8.0.jar
7fe4aebd4000-7fe4aebd7000 r--s 00033000 fd:00 706546                     /home/ethan/.gradle/caches/modules-2/files-2.1/com.googlecode.juniversalchardet/juniversalchardet/1.0.3/cd49678784c46aa8789c060538e0154013bb421b/juniversalchardet-1.0.3.jar
7fe4aebd7000-7fe4aedd7000 rw-p 00000000 00:00 0 
7fe4aedd7000-7fe4aefd7000 rw-p 00000000 00:00 0 
7fe4aefd7000-7fe4af1d7000 rw-p 00000000 00:00 0 
7fe4af1d7000-7fe4af3d7000 rw-p 00000000 00:00 0 
7fe4af3d7000-7fe4af3d8000 r--s 00003000 fd:00 706543                     /home/ethan/.gradle/caches/modules-2/files-2.1/com.android.databinding/baseLibrary/3.4.1/8a7549a34011f871310f4a16d45e70c83289b75/baseLibrary-3.4.1.jar
7fe4af3d8000-7fe4af3df000 r--s 0003f000 fd:00 706561                     /home/ethan/.gradle/caches/modules-2/files-2.1/commons-codec/commons-codec/1.10/4b95f4897fa13f2cd904aee711aeafc0c5295cd8/commons-codec-1.10.jar
7fe4af3df000-7fe4af3e3000 r--s 0002a000 fd:00 706545                     /home/ethan/.gradle/caches/modules-2/files-2.1/commons-io/commons-io/2.4/b1b6ea3b7e4aa4f492509a4952029cd8e48019ad/commons-io-2.4.jar
7fe4af3e3000-7fe4af3ea000 r--s 00053000 fd:00 706499                     /home/ethan/.gradle/caches/modules-2/files-2.1/androidx.databinding/databinding-compiler-common/3.4.1/f18b37dd0306f680e4ebec6f508beb66bc10f5f8/databinding-compiler-common-3.4.1.jar
7fe4af3ea000-7fe4af3f7000 r--s 0010e000 fd:00 709972                     /home/ethan/.gradle/caches/modules-2/files-2.1/androidx.databinding/databinding-compiler/3.4.1/487f87d30950cb6af23589405d652dc363b84989/databinding-compiler-3.4.1.jar
7fe4af3f7000-7fe4af3f9000 r--s 00005000 fd:00 706723                     /home/ethan/.gradle/caches/modules-2/files-2.1/androidx.annotation/annotation/1.0.0/45599f2cd5965ac05a1488fa2a5c0cdd7c499ead/annotation-1.0.0.jar
7fe4af3f9000-7fe4af3fb000 r--s 00009000 fd:00 706709                     /home/ethan/.gradle/caches/modules-2/files-2.1/androidx.collection/collection/1.0.0/42858b26cafdaa69b6149f45dfc2894007bc2c7a/collection-1.0.0.jar
7fe4af3fb000-7fe4af3fe000 ---p 00000000 00:00 0 
7fe4af3fe000-7fe4af6fc000 rw-p 00000000 00:00 0 
7fe4af6fc000-7fe4af8fc000 rw-p 00000000 00:00 0 
7fe4af8fc000-7fe4afafc000 rw-p 00000000 00:00 0 
7fe4afafc000-7fe4afcfc000 rw-p 00000000 00:00 0 
7fe4afcfc000-7fe4afd01000 r--s 00042000 fd:00 710730                     /home/ethan/.gradle/caches/modules-2/files-2.1/org.jetbrains.kotlin/kotlin-annotation-processing-gradle/1.3.11/1eee30c359110c9a5232f7b3948d3728be328fa3/kotlin-annotation-processing-gradle-1.3.11.jar
7fe4afd01000-7fe4aff01000 rw-p 00000000 00:00 0 
7fe4aff01000-7fe4b0101000 rw-p 00000000 00:00 0 
7fe4b0101000-7fe4b0301000 rw-p 00000000 00:00 0 
7fe4b0301000-7fe4b0304000 ---p 00000000 00:00 0 
7fe4b0304000-7fe4b0402000 rw-p 00000000 00:00 0 
7fe4b0402000-7fe4b0405000 ---p 00000000 00:00 0 
7fe4b0405000-7fe4b0503000 rw-p 00000000 00:00 0 
7fe4b0503000-7fe4b0506000 ---p 00000000 00:00 0 
7fe4b0506000-7fe4b0804000 rw-p 00000000 00:00 0 
7fe4b0804000-7fe4b0807000 ---p 00000000 00:00 0 
7fe4b0807000-7fe4b0905000 rw-p 00000000 00:00 0 
7fe4b0905000-7fe4b0908000 ---p 00000000 00:00 0 
7fe4b0908000-7fe4b0a06000 rw-p 00000000 00:00 0 
7fe4b0a06000-7fe4b0a09000 ---p 00000000 00:00 0 
7fe4b0a09000-7fe4b0b07000 rw-p 00000000 00:00 0 
7fe4b0b07000-7fe4b0b0a000 ---p 00000000 00:00 0 
7fe4b0b0a000-7fe4b0c08000 rw-p 00000000 00:00 0 
7fe4b0c08000-7fe4b0c0b000 ---p 00000000 00:00 0 
7fe4b0c0b000-7fe4b0d09000 rw-p 00000000 00:00 0 
7fe4b0d09000-7fe4b0d83000 r--s 010fd000 fd:00 1312720                    /home/ethan/.local/share/JetBrains/Toolbox/apps/AndroidStudio/ch-0/183.5522156/jre/lib/tools.jar
7fe4b0d83000-7fe4b0d9e000 r--s 00394000 fd:00 1312679                    /home/ethan/.local/share/JetBrains/Toolbox/apps/AndroidStudio/ch-0/183.5522156/jre/jre/lib/ext/cldrdata.jar
7fe4b0d9e000-7fe4b3d9f000 rw-p 00000000 00:00 0 
7fe4b3d9f000-7fe4b3db5000 r-xp 00000000 fd:00 1312655                    /home/ethan/.local/share/JetBrains/Toolbox/apps/AndroidStudio/ch-0/183.5522156/jre/jre/lib/amd64/libnet.so
7fe4b3db5000-7fe4b3db6000 rw-p 00016000 fd:00 1312655                    /home/ethan/.local/share/JetBrains/Toolbox/apps/AndroidStudio/ch-0/183.5522156/jre/jre/lib/amd64/libnet.so
7fe4b3db6000-7fe4b3dec000 r--s 00250000 fd:00 710733                     /home/ethan/.gradle/caches/modules-2/files-2.1/org.jetbrains.kotlin/kotlin-reflect/1.3.11/aae7b33412715e9ed441934c4ffaad1bb80e9d36/kotlin-reflect-1.3.11.jar
7fe4b3dec000-7fe4b3e2b000 rw-p 00000000 00:00 0 
7fe4b3e2b000-7fe4b4000000 r--s 01a6d000 fd:00 710732                     /home/ethan/.gradle/caches/modules-2/files-2.1/org.jetbrains.kotlin/kotlin-compiler-embeddable/1.3.11/a8db6c14f8b8ed74aa11b8379f961587b639c571/kotlin-compiler-embeddable-1.3.11.jar
7fe4b4000000-7fe4b4d15000 rw-p 00000000 00:00 0 
7fe4b4d15000-7fe4b8000000 ---p 00000000 00:00 0 
7fe4b8000000-7fe4b83c9000 rw-p 00000000 00:00 0 
7fe4b83c9000-7fe4bc000000 ---p 00000000 00:00 0 
7fe4bc000000-7fe4bc021000 rw-p 00000000 00:00 0 
7fe4bc021000-7fe4c0000000 ---p 00000000 00:00 0 
7fe4c0000000-7fe4c14fc000 rw-p 00000000 00:00 0 
7fe4c14fc000-7fe4c4000000 ---p 00000000 00:00 0 
7fe4c4000000-7fe4c4021000 rw-p 00000000 00:00 0 
7fe4c4021000-7fe4c8000000 ---p 00000000 00:00 0 
7fe4c8000000-7fe4c8021000 rw-p 00000000 00:00 0 
7fe4c8021000-7fe4cc000000 ---p 00000000 00:00 0 
7fe4cc000000-7fe4cc425000 rw-p 00000000 00:00 0 
7fe4cc425000-7fe4d0000000 ---p 00000000 00:00 0 
7fe4d0000000-7fe4d0002000 r--s 00002000 fd:00 706509                     /home/ethan/.gradle/caches/modules-2/files-2.1/org.jetbrains.kotlin/kotlin-stdlib-jdk8/1.3.31/21edc5a6b2e39bc4dc2860346fd778e27503d6cb/kotlin-stdlib-jdk8-1.3.31.jar
7fe4d0002000-7fe4d0007000 r--s 0009a000 fd:00 1312675                    /home/ethan/.local/share/JetBrains/Toolbox/apps/AndroidStudio/ch-0/183.5522156/jre/jre/lib/jsse.jar
7fe4d0007000-7fe4d0011000 r--s 00116000 fd:00 1312686                    /home/ethan/.local/share/JetBrains/Toolbox/apps/AndroidStudio/ch-0/183.5522156/jre/jre/lib/ext/localedata.jar
7fe4d0011000-7fe4d0012000 ---p 00000000 00:00 0 
7fe4d0012000-7fe4d0112000 rw-p 00000000 00:00 0 
7fe4d0112000-7fe4d0115000 ---p 00000000 00:00 0 
7fe4d0115000-7fe4d0213000 rw-p 00000000 00:00 0 
7fe4d0213000-7fe4d0214000 ---p 00000000 00:00 0 
7fe4d0214000-7fe4d0217000 ---p 00000000 00:00 0 
7fe4d0217000-7fe4d0314000 rw-p 00000000 00:00 0 
7fe4d0314000-7fe4d0315000 ---p 00000000 00:00 0 
7fe4d0315000-7fe4d0318000 ---p 00000000 00:00 0 
7fe4d0318000-7fe4d0415000 rw-p 00000000 00:00 0 
7fe4d0415000-7fe4d0418000 ---p 00000000 00:00 0 
7fe4d0418000-7fe4d0516000 rw-p 00000000 00:00 0 
7fe4d0516000-7fe4d0cfd000 r--p 00000000 fd:00 1976221                    /usr/lib/locale/locale-archive
7fe4d0cfd000-7fe4d0d00000 ---p 00000000 00:00 0 
7fe4d0d00000-7fe4d0dfe000 rw-p 00000000 00:00 0 
7fe4d0dfe000-7fe4d0e01000 ---p 00000000 00:00 0 
7fe4d0e01000-7fe4d0eff000 rw-p 00000000 00:00 0 
7fe4d0eff000-7fe4d0f00000 ---p 00000000 00:00 0 
7fe4d0f00000-7fe4d1000000 rw-p 00000000 00:00 0 
7fe4d1000000-7fe4d2140000 rwxp 00000000 00:00 0 
7fe4d2140000-7fe4e0000000 ---p 00000000 00:00 0 
7fe4e0000000-7fe4e1274000 rw-p 00000000 00:00 0 
7fe4e1274000-7fe4e4000000 ---p 00000000 00:00 0 
7fe4e4000000-7fe4e4002000 r--s 0001c000 fd:00 706724                     /home/ethan/.gradle/caches/modules-2/files-2.1/androidx.constraintlayout/constraintlayout-solver/1.1.3/54abe9ffb22cc9019b0b6fcc10f185cc4e67b34e/constraintlayout-solver-1.1.3.jar
7fe4e4002000-7fe4e4003000 r--s 00004000 fd:00 706720                     /home/ethan/.gradle/caches/modules-2/files-2.1/androidx.lifecycle/lifecycle-common/2.0.0/e070ffae07452331bc5684734fce6831d531785c/lifecycle-common-2.0.0.jar
7fe4e4003000-7fe4e4013000 r-xp 00000000 fd:00 1312646                    /home/ethan/.local/share/JetBrains/Toolbox/apps/AndroidStudio/ch-0/183.5522156/jre/jre/lib/amd64/libnio.so
7fe4e4013000-7fe4e4014000 rw-p 00010000 fd:00 1312646                    /home/ethan/.local/share/JetBrains/Toolbox/apps/AndroidStudio/ch-0/183.5522156/jre/jre/lib/amd64/libnio.so
7fe4e4014000-7fe4e4027000 r--s 0010e000 fd:00 710735                     /home/ethan/.gradle/caches/modules-2/files-2.1/org.jetbrains.kotlin/kotlin-stdlib/1.3.11/4cbc5922a54376018307a731162ccaf3ef851a39/kotlin-stdlib-1.3.11.jar
7fe4e4027000-7fe4e4075000 rw-p 00000000 00:00 0 
7fe4e4075000-7fe4e4246000 r--s 03c8a000 fd:00 1312618                    /home/ethan/.local/share/JetBrains/Toolbox/apps/AndroidStudio/ch-0/183.5522156/jre/jre/lib/rt.jar
7fe4e4246000-7fe4e4b5e000 rw-p 00000000 00:00 0 
7fe4e4b5e000-7fe4e4d40000 ---p 00000000 00:00 0 
7fe4e4d40000-7fe4e4d4d000 rw-p 00000000 00:00 0 
7fe4e4d4d000-7fe4e4e40000 ---p 00000000 00:00 0 
7fe4e4e40000-7fe4e4e5f000 rw-p 00000000 00:00 0 
7fe4e4e5f000-7fe4e5040000 ---p 00000000 00:00 0 
7fe4e5040000-7fe4e5086000 rw-p 00000000 00:00 0 
7fe4e5086000-7fe4e5401000 ---p 00000000 00:00 0 
7fe4e5401000-7fe4e541b000 r-xp 00000000 fd:00 1312654                    /home/ethan/.local/share/JetBrains/Toolbox/apps/AndroidStudio/ch-0/183.5522156/jre/jre/lib/amd64/libzip.so
7fe4e541b000-7fe4e541c000 rw-p 00019000 fd:00 1312654                    /home/ethan/.local/share/JetBrains/Toolbox/apps/AndroidStudio/ch-0/183.5522156/jre/jre/lib/amd64/libzip.so
7fe4e541c000-7fe4e541f000 r--p 00000000 fd:00 1978293                    /usr/lib/x86_64-linux-gnu/libnss_files-2.29.so
7fe4e541f000-7fe4e5426000 r-xp 00003000 fd:00 1978293                    /usr/lib/x86_64-linux-gnu/libnss_files-2.29.so
7fe4e5426000-7fe4e5428000 r--p 0000a000 fd:00 1978293                    /usr/lib/x86_64-linux-gnu/libnss_files-2.29.so
7fe4e5428000-7fe4e5429000 r--p 0000b000 fd:00 1978293                    /usr/lib/x86_64-linux-gnu/libnss_files-2.29.so
7fe4e5429000-7fe4e542a000 rw-p 0000c000 fd:00 1978293                    /usr/lib/x86_64-linux-gnu/libnss_files-2.29.so
7fe4e542a000-7fe4e5430000 rw-p 00000000 00:00 0 
7fe4e5430000-7fe4e5437000 r--s 0001e000 fd:00 710748                     /home/ethan/.gradle/caches/modules-2/files-2.1/org.jetbrains.kotlin/kotlin-stdlib-common/1.3.11/d8b8e746e279f1c4f5e08bc14a96b82e6bb1de02/kotlin-stdlib-common-1.3.11.jar
7fe4e5437000-7fe4e543f000 r-xp 00000000 fd:00 1312622                    /home/ethan/.local/share/JetBrains/Toolbox/apps/AndroidStudio/ch-0/183.5522156/jre/jre/lib/amd64/libmanagement.so
7fe4e543f000-7fe4e5440000 rw-p 00007000 fd:00 1312622                    /home/ethan/.local/share/JetBrains/Toolbox/apps/AndroidStudio/ch-0/183.5522156/jre/jre/lib/amd64/libmanagement.so
7fe4e5440000-7fe4e5448000 rw-s 00000000 fd:00 1063751                    /tmp/hsperfdata_ethan/7346
7fe4e5448000-7fe4e5473000 r-xp 00000000 fd:00 1312653                    /home/ethan/.local/share/JetBrains/Toolbox/apps/AndroidStudio/ch-0/183.5522156/jre/jre/lib/amd64/libjava.so
7fe4e5473000-7fe4e5475000 rw-p 0002b000 fd:00 1312653                    /home/ethan/.local/share/JetBrains/Toolbox/apps/AndroidStudio/ch-0/183.5522156/jre/jre/lib/amd64/libjava.so
7fe4e5475000-7fe4e5478000 r--p 00000000 fd:00 1978423                    /usr/lib/x86_64-linux-gnu/librt-2.29.so
7fe4e5478000-7fe4e547c000 r-xp 00003000 fd:00 1978423                    /usr/lib/x86_64-linux-gnu/librt-2.29.so
7fe4e547c000-7fe4e547e000 r--p 00007000 fd:00 1978423                    /usr/lib/x86_64-linux-gnu/librt-2.29.so
7fe4e547e000-7fe4e547f000 r--p 00008000 fd:00 1978423                    /usr/lib/x86_64-linux-gnu/librt-2.29.so
7fe4e547f000-7fe4e5480000 rw-p 00009000 fd:00 1978423                    /usr/lib/x86_64-linux-gnu/librt-2.29.so
7fe4e5480000-7fe4e5481000 ---p 00000000 00:00 0 
7fe4e5481000-7fe4e5484000 ---p 00000000 00:00 0 
7fe4e5484000-7fe4e5581000 rw-p 00000000 00:00 0 
7fe4e5581000-7fe4e5590000 r--p 00000000 fd:00 1978217                    /usr/lib/x86_64-linux-gnu/libm-2.29.so
7fe4e5590000-7fe4e5636000 r-xp 0000f000 fd:00 1978217                    /usr/lib/x86_64-linux-gnu/libm-2.29.so
7fe4e5636000-7fe4e56cd000 r--p 000b5000 fd:00 1978217                    /usr/lib/x86_64-linux-gnu/libm-2.29.so
7fe4e56cd000-7fe4e56ce000 r--p 0014b000 fd:00 1978217                    /usr/lib/x86_64-linux-gnu/libm-2.29.so
7fe4e56ce000-7fe4e56cf000 rw-p 0014c000 fd:00 1978217                    /usr/lib/x86_64-linux-gnu/libm-2.29.so
7fe4e56cf000-7fe4e62e7000 r-xp 00000000 fd:00 1312628                    /home/ethan/.local/share/JetBrains/Toolbox/apps/AndroidStudio/ch-0/183.5522156/jre/jre/lib/amd64/server/libjvm.so
7fe4e62e7000-7fe4e63b6000 rw-p 00c18000 fd:00 1312628                    /home/ethan/.local/share/JetBrains/Toolbox/apps/AndroidStudio/ch-0/183.5522156/jre/jre/lib/amd64/server/libjvm.so
7fe4e63b6000-7fe4e63fd000 rw-p 00000000 00:00 0 
7fe4e63fd000-7fe4e6422000 r--p 00000000 fd:00 1977883                    /usr/lib/x86_64-linux-gnu/libc-2.29.so
7fe4e6422000-7fe4e6595000 r-xp 00025000 fd:00 1977883                    /usr/lib/x86_64-linux-gnu/libc-2.29.so
7fe4e6595000-7fe4e65de000 r--p 00198000 fd:00 1977883                    /usr/lib/x86_64-linux-gnu/libc-2.29.so
7fe4e65de000-7fe4e65e1000 r--p 001e0000 fd:00 1977883                    /usr/lib/x86_64-linux-gnu/libc-2.29.so
7fe4e65e1000-7fe4e65e4000 rw-p 001e3000 fd:00 1977883                    /usr/lib/x86_64-linux-gnu/libc-2.29.so
7fe4e65e4000-7fe4e65e8000 rw-p 00000000 00:00 0 
7fe4e65e8000-7fe4e65e9000 r--p 00000000 fd:00 1977951                    /usr/lib/x86_64-linux-gnu/libdl-2.29.so
7fe4e65e9000-7fe4e65eb000 r-xp 00001000 fd:00 1977951                    /usr/lib/x86_64-linux-gnu/libdl-2.29.so
7fe4e65eb000-7fe4e65ec000 r--p 00003000 fd:00 1977951                    /usr/lib/x86_64-linux-gnu/libdl-2.29.so
7fe4e65ec000-7fe4e65ed000 r--p 00003000 fd:00 1977951                    /usr/lib/x86_64-linux-gnu/libdl-2.29.so
7fe4e65ed000-7fe4e65ee000 rw-p 00004000 fd:00 1977951                    /usr/lib/x86_64-linux-gnu/libdl-2.29.so
7fe4e65ee000-7fe4e6603000 r-xp 00000000 fd:00 1312657                    /home/ethan/.local/share/JetBrains/Toolbox/apps/AndroidStudio/ch-0/183.5522156/jre/jre/lib/amd64/jli/libjli.so
7fe4e6603000-7fe4e6604000 rw-p 00015000 fd:00 1312657                    /home/ethan/.local/share/JetBrains/Toolbox/apps/AndroidStudio/ch-0/183.5522156/jre/jre/lib/amd64/jli/libjli.so
7fe4e6604000-7fe4e660b000 r--p 00000000 fd:00 1978387                    /usr/lib/x86_64-linux-gnu/libpthread-2.29.so
7fe4e660b000-7fe4e661a000 r-xp 00007000 fd:00 1978387                    /usr/lib/x86_64-linux-gnu/libpthread-2.29.so
7fe4e661a000-7fe4e661f000 r--p 00016000 fd:00 1978387                    /usr/lib/x86_64-linux-gnu/libpthread-2.29.so
7fe4e661f000-7fe4e6620000 r--p 0001a000 fd:00 1978387                    /usr/lib/x86_64-linux-gnu/libpthread-2.29.so
7fe4e6620000-7fe4e6621000 rw-p 0001b000 fd:00 1978387                    /usr/lib/x86_64-linux-gnu/libpthread-2.29.so
7fe4e6621000-7fe4e6625000 rw-p 00000000 00:00 0 
7fe4e6625000-7fe4e6626000 r--s 00000000 fd:00 710734                     /home/ethan/.gradle/caches/modules-2/files-2.1/org.jetbrains.kotlin/kotlin-stdlib-jdk7/1.3.11/4839661cf6ce3c14b65ed7dcf5b9249b44ecca16/kotlin-stdlib-jdk7-1.3.11.jar
7fe4e6626000-7fe4e6627000 r--s 00002000 fd:00 706722                     /home/ethan/.gradle/caches/modules-2/files-2.1/androidx.arch.core/core-common/2.0.0/bb21b9a11761451b51624ac428d1f1bb5deeac38/core-common-2.0.0.jar
7fe4e6627000-7fe4e6628000 r--s 00003000 fd:00 706542                     /home/ethan/.gradle/caches/modules-2/files-2.1/androidx.databinding/databinding-common/3.4.1/f43d4dc7b8af8e7f9a72e972f104572f9ecd3630/databinding-common-3.4.1.jar
7fe4e6628000-7fe4e662a000 r--s 00003000 fd:00 706563                     /home/ethan/.gradle/caches/modules-2/files-2.1/org.jetbrains/annotations/13.0/919f0dfe192fb4e063e7dacadee7f8bb9a2672a9/annotations-13.0.jar
7fe4e662a000-7fe4e662c000 r--s 00009000 fd:00 710749                     /home/ethan/.gradle/caches/modules-2/files-2.1/org.jetbrains.kotlin/kotlin-script-runtime/1.3.11/1ef3a816aeacb9cd051b3ed37e2abf88910f1503/kotlin-script-runtime-1.3.11.jar
7fe4e662c000-7fe4e662d000 rw-p 00000000 00:00 0 
7fe4e662d000-7fe4e662e000 ---p 00000000 00:00 0 
7fe4e662e000-7fe4e663b000 r-xp 00000000 fd:00 1312635                    /home/ethan/.local/share/JetBrains/Toolbox/apps/AndroidStudio/ch-0/183.5522156/jre/jre/lib/amd64/libverify.so
7fe4e663b000-7fe4e663d000 rw-p 0000c000 fd:00 1312635                    /home/ethan/.local/share/JetBrains/Toolbox/apps/AndroidStudio/ch-0/183.5522156/jre/jre/lib/amd64/libverify.so
7fe4e663d000-7fe4e663f000 rw-p 00000000 00:00 0 
7fe4e663f000-7fe4e6640000 r--p 00000000 fd:00 1977618                    /usr/lib/x86_64-linux-gnu/ld-2.29.so
7fe4e6640000-7fe4e6661000 r-xp 00001000 fd:00 1977618                    /usr/lib/x86_64-linux-gnu/ld-2.29.so
7fe4e6661000-7fe4e6669000 r--p 00022000 fd:00 1977618                    /usr/lib/x86_64-linux-gnu/ld-2.29.so
7fe4e6669000-7fe4e666a000 r--p 00029000 fd:00 1977618                    /usr/lib/x86_64-linux-gnu/ld-2.29.so
7fe4e666a000-7fe4e666b000 rw-p 0002a000 fd:00 1977618                    /usr/lib/x86_64-linux-gnu/ld-2.29.so
7fe4e666b000-7fe4e666c000 rw-p 00000000 00:00 0 
7ffcbc3ae000-7ffcbc3d0000 rw-p 00000000 00:00 0                          [stack]
7ffcbc3f1000-7ffcbc3f4000 r--p 00000000 00:00 0                          [vvar]
7ffcbc3f4000-7ffcbc3f5000 r-xp 00000000 00:00 0                          [vdso]
ffffffffff600000-ffffffffff601000 r-xp 00000000 00:00 0                  [vsyscall]

VM Arguments:
jvm_args: -Djava.awt.headless=true -Djava.rmi.server.hostname=127.0.0.1 -Xmx1536m -Dkotlin.environment.keepalive 
java_command: org.jetbrains.kotlin.daemon.KotlinCompileDaemon --daemon-runFilesPath /home/ethan/.local/share/kotlin/daemon --daemon-autoshutdownIdleSeconds=7200 --daemon-compilerClasspath /home/ethan/.gradle/caches/modules-2/files-2.1/org.jetbrains.kotlin/kotlin-compiler-embeddable/1.3.11/a8db6c14f8b8ed74aa11b8379f961587b639c571/kotlin-compiler-embeddable-1.3.11.jar:/home/ethan/.gradle/caches/modules-2/files-2.1/org.jetbrains.kotlin/kotlin-reflect/1.3.11/aae7b33412715e9ed441934c4ffaad1bb80e9d36/kotlin-reflect-1.3.11.jar:/home/ethan/.gradle/caches/modules-2/files-2.1/org.jetbrains.kotlin/kotlin-stdlib/1.3.11/4cbc5922a54376018307a731162ccaf3ef851a39/kotlin-stdlib-1.3.11.jar:/home/ethan/.gradle/caches/modules-2/files-2.1/org.jetbrains.kotlin/kotlin-script-runtime/1.3.11/1ef3a816aeacb9cd051b3ed37e2abf88910f1503/kotlin-script-runtime-1.3.11.jar:/home/ethan/.gradle/caches/modules-2/files-2.1/org.jetbrains.kotlin/kotlin-stdlib-common/1.3.11/d8b8e746e279f1c4f5e08bc14a96b82e6bb1de02/kotlin-stdlib-common-1.3.11.jar:/home/ethan/.gradle/caches/modules-2/files-2.1/org.jetbrains/annotations/13.0/919f0dfe192fb4e063e7dacadee7f8bb9a2672a9/annotations-13.0.jar:/home/ethan/.local/share/JetBrains/Toolbox/apps/AndroidStudio/ch-0/183.5522156/jre/lib/tools.jar
java_class_path (initial): /home/ethan/.gradle/caches/modules-2/files-2.1/org.jetbrains.kotlin/kotlin-compiler-embeddable/1.3.11/a8db6c14f8b8ed74aa11b8379f961587b639c571/kotlin-compiler-embeddable-1.3.11.jar:/home/ethan/.gradle/caches/modules-2/files-2.1/org.jetbrains.kotlin/kotlin-reflect/1.3.11/aae7b33412715e9ed441934c4ffaad1bb80e9d36/kotlin-reflect-1.3.11.jar:/home/ethan/.gradle/caches/modules-2/files-2.1/org.jetbrains.kotlin/kotlin-stdlib/1.3.11/4cbc5922a54376018307a731162ccaf3ef851a39/kotlin-stdlib-1.3.11.jar:/home/ethan/.gradle/caches/modules-2/files-2.1/org.jetbrains.kotlin/kotlin-script-runtime/1.3.11/1ef3a816aeacb9cd051b3ed37e2abf88910f1503/kotlin-script-runtime-1.3.11.jar:/home/ethan/.gradle/caches/modules-2/files-2.1/org.jetbrains.kotlin/kotlin-stdlib-common/1.3.11/d8b8e746e279f1c4f5e08bc14a96b82e6bb1de02/kotlin-stdlib-common-1.3.11.jar:/home/ethan/.gradle/caches/modules-2/files-2.1/org.jetbrains/annotations/13.0/919f0dfe192fb4e063e7dacadee7f8bb9a2672a9/annotations-13.0.jar:/home/ethan/.local/share/JetBrains/Toolbox/apps/AndroidStudio/ch-0/183.5522156/jre/lib/tools.jar
Launcher Type: SUN_STANDARD

Environment Variables:
PATH=/usr/local/sbin:/usr/local/bin:/usr/sbin:/usr/bin:/sbin:/bin:/usr/games:/usr/local/games:/snap/bin
SHELL=/bin/bash
DISPLAY=:0

Signal Handlers:
SIGSEGV: [libjvm.so+0xa00760], sa_mask[0]=11111111011111111101111111111110, sa_flags=SA_RESTART|SA_SIGINFO
SIGBUS: [libjvm.so+0xa00760], sa_mask[0]=11111111011111111101111111111110, sa_flags=SA_RESTART|SA_SIGINFO
SIGFPE: [libjvm.so+0x863090], sa_mask[0]=11111111011111111101111111111110, sa_flags=SA_RESTART|SA_SIGINFO
SIGPIPE: [libjvm.so+0x863090], sa_mask[0]=11111111011111111101111111111110, sa_flags=SA_RESTART|SA_SIGINFO
SIGXFSZ: [libjvm.so+0x863090], sa_mask[0]=11111111011111111101111111111110, sa_flags=SA_RESTART|SA_SIGINFO
SIGILL: [libjvm.so+0x863090], sa_mask[0]=11111111011111111101111111111110, sa_flags=SA_RESTART|SA_SIGINFO
SIGUSR1: SIG_DFL, sa_mask[0]=00000000000000000000000000000000, sa_flags=none
SIGUSR2: [libjvm.so+0x862f60], sa_mask[0]=00100000000000000000000000000000, sa_flags=SA_RESTART|SA_SIGINFO
SIGHUP: [libjvm.so+0x863150], sa_mask[0]=11111111011111111101111111111110, sa_flags=SA_RESTART|SA_SIGINFO
SIGINT: [libjvm.so+0x863150], sa_mask[0]=11111111011111111101111111111110, sa_flags=SA_RESTART|SA_SIGINFO
SIGTERM: [libjvm.so+0x863150], sa_mask[0]=11111111011111111101111111111110, sa_flags=SA_RESTART|SA_SIGINFO
SIGQUIT: [libjvm.so+0x863150], sa_mask[0]=11111111011111111101111111111110, sa_flags=SA_RESTART|SA_SIGINFO


---------------  S Y S T E M  ---------------

OS:DISTRIB_ID=Ubuntu
DISTRIB_RELEASE=19.04
DISTRIB_CODENAME=disco
DISTRIB_DESCRIPTION="Ubuntu 19.04"

uname:Linux 5.0.0-20-generic #21-Ubuntu SMP Mon Jun 24 09:32:09 UTC 2019 x86_64
libc:glibc 2.29 NPTL 2.29 
rlimit: STACK 8192k, CORE 0k, NPROC 11706, NOFILE 1048576, AS infinity
load average:2,72 2,03 1,20

/proc/meminfo:
MemTotal:        3071320 kB
MemFree:           74352 kB
MemAvailable:      12252 kB
Buffers:             500 kB
Cached:            14884 kB
SwapCached:            0 kB
Active:          2862352 kB
Inactive:          12048 kB
Active(anon):    2859828 kB
Inactive(anon):     9236 kB
Active(file):       2524 kB
Inactive(file):     2812 kB
Unevictable:          32 kB
Mlocked:              32 kB
SwapTotal:             0 kB
SwapFree:              0 kB
Dirty:               100 kB
Writeback:             0 kB
AnonPages:       2859124 kB
Mapped:            13188 kB
Shmem:              9972 kB
KReclaimable:      28896 kB
Slab:              69832 kB
SReclaimable:      28896 kB
SUnreclaim:        40936 kB
KernelStack:        5952 kB
PageTables:        14520 kB
NFS_Unstable:          0 kB
Bounce:                0 kB
WritebackTmp:          0 kB
CommitLimit:     1535660 kB
Committed_AS:    4034520 kB
VmallocTotal:   34359738367 kB
VmallocUsed:           0 kB
VmallocChunk:          0 kB
Percpu:              436 kB
HardwareCorrupted:     0 kB
AnonHugePages:         0 kB
ShmemHugePages:        0 kB
ShmemPmdMapped:        0 kB
CmaTotal:              0 kB
CmaFree:               0 kB
HugePages_Total:       0
HugePages_Free:        0
HugePages_Rsvd:        0
HugePages_Surp:        0
Hugepagesize:       2048 kB
Hugetlb:               0 kB
DirectMap4k:      114624 kB
DirectMap2M:     3031040 kB


CPU:total 1 (initial active 1) (1 cores per cpu, 1 threads per core) family 6 model 78 stepping 3, cmov, cx8, fxsr, mmx, sse, sse2, sse3, ssse3, sse4.1, sse4.2, popcnt, avx, avx2, aes, clmul, 3dnowpref, lzcnt, tsc, tscinvbit

/proc/cpuinfo:
processor	: 0
vendor_id	: GenuineIntel
cpu family	: 6
model		: 78
model name	: Intel(R) Core(TM) i5-6300U CPU @ 2.40GHz
stepping	: 3
cpu MHz		: 2496.000
cache size	: 3072 KB
physical id	: 0
siblings	: 1
core id		: 0
cpu cores	: 1
apicid		: 0
initial apicid	: 0
fpu		: yes
fpu_exception	: yes
cpuid level	: 22
wp		: yes
flags		: fpu vme de pse tsc msr pae mce cx8 apic sep mtrr pge mca cmov pat pse36 clflush mmx fxsr sse sse2 syscall nx rdtscp lm constant_tsc rep_good nopl xtopology nonstop_tsc cpuid tsc_known_freq pni pclmulqdq monitor ssse3 cx16 pcid sse4_1 sse4_2 x2apic movbe popcnt aes xsave avx rdrand hypervisor lahf_lm abm 3dnowprefetch invpcid_single pti fsgsbase avx2 invpcid rdseed clflushopt
bugs		: cpu_meltdown spectre_v1 spectre_v2 spec_store_bypass l1tf mds
bogomips	: 4992.00
clflush size	: 64
cache_alignment	: 64
address sizes	: 39 bits physical, 48 bits virtual
power management:



Memory: 4k page, physical 3071320k(74352k free), swap 0k(0k free)

vm_info: OpenJDK 64-Bit Server VM (25.152-b16-5323222) for linux-amd64 JRE (1.8.0_152-release-1343-b16-5323222), built by "android-build" with gcc 4.8

time: Sun Jun 30 21:14:20 2019
elapsed time: 31 seconds (0d 0h 0m 31s)

